L 12/26/2024 - 11:45:58: [rum_dynamicslots.smx] Count: 0 Max Allowed (With Spectators): 10
L 12/26/2024 - 11:45:58: [readyup_ns.smx] Ready Up has started...
L 12/26/2024 - 11:45:59: [rum_rpg_ns.smx] yofer has connected!
L 12/26/2024 - 11:46:03: [rum_rpg_ns.smx] Hooking yofer
L 12/26/2024 - 11:46:03: [rum_rpg_ns.smx] Hooking Francis
L 12/26/2024 - 11:46:03: [rum_rpg_ns.smx] Hooking Louis
L 12/26/2024 - 11:46:03: [rum_rpg_ns.smx] Hooking Zoey
L 12/26/2024 - 11:48:59: [readyup_ns.smx] Saferoom door has "opened" - Match start.
L 12/26/2024 - 11:48:59: [readyup_ns.smx] Ready Up has ended...
L 12/26/2024 - 11:49:58: [rum_teammanager.smx] [SendQueryData] (Level 2 yofer) Player data has loaded successfully.
L 12/26/2024 - 11:50:56: [rum_rpg_ns.smx] [WITCH_LIST] Witch 157 Killed
L 12/26/2024 - 11:51:35: [readyup_ns.smx] Ready Up has started...
L 12/26/2024 - 11:52:02: [readyup_ns.smx] Saferoom door has "opened" - Match start.
L 12/26/2024 - 11:52:02: [readyup_ns.smx] Ready Up has ended...
L 12/26/2024 - 12:01:42: [rum_rpg_ns.smx] Hooking Smoker
L 12/26/2024 - 12:03:35: [rum_rpg_ns.smx] Hooking (1)Jockey
L 12/26/2024 - 12:03:46: [readyup_ns.smx] Ready Up has started...
L 12/26/2024 - 12:04:24: [readyup_ns.smx] Saferoom door has "opened" - Match start.
L 12/26/2024 - 12:04:24: [readyup_ns.smx] Ready Up has ended...
L 12/26/2024 - 12:06:31: [readyup_ns.smx] Level 12 yofer has left the server.
L 12/26/2024 - 12:06:31: [rum_votemap.smx] No human players are in the server, forcing a new campaign.
L 12/26/2024 - 12:06:33: [rum_rpg_ns.smx] Hooking Bill
L 12/26/2024 - 12:06:36: [readyup_ns.smx] Ready Up has started...
L 12/26/2024 - 12:06:38: -------- Mapchange to c12m1_hilltop --------
L 12/26/2024 - 12:06:39: [rum_rpg_ns.smx] Game mode is coop , required game mode is coop
L 12/26/2024 - 12:06:40: [basecommands.smx] "Console<0><Console><Console>" changed cvar (cvar "sk_autoaim_mode") (value "0")
L 12/26/2024 - 12:06:40: [basecommands.smx] "Console<0><Console><Console>" changed cvar (cvar "mp_teamoverride") (value "1")
L 12/26/2024 - 12:06:40: [basecommands.smx] "Console<0><Console><Console>" changed cvar (cvar "tongue_allow_voluntary_release") (value "1")
L 12/26/2024 - 12:06:40: [basecommands.smx] "Console<0><Console><Console>" changed cvar (cvar "z_ghost_spawn_distance") (value "1.0")
L 12/26/2024 - 12:06:40: [basecommands.smx] "Console<0><Console><Console>" changed cvar (cvar "z_director_special_spawn_delay") (value "1")
L 12/26/2024 - 12:06:40: [basecommands.smx] "Console<0><Console><Console>" changed cvar (cvar "mp_autoteambalance") (value "0")
L 12/26/2024 - 12:06:40: [basecommands.smx] "Console<0><Console><Console>" changed cvar (cvar "z_frustration") (value "0")
L 12/26/2024 - 12:06:40: [basecommands.smx] "Console<0><Console><Console>" changed cvar (cvar "director_afk_timeout") (value "9999")
L 12/26/2024 - 12:06:40: [basecommands.smx] "Console<0><Console><Console>" changed cvar (cvar "rescue_min_dead_time") (value "1")
L 12/26/2024 - 12:06:40: [basecommands.smx] "Console<0><Console><Console>" changed cvar (cvar "sb_all_bot_game") (value "1")
L 12/26/2024 - 12:06:40: [basecommands.smx] "Console<0><Console><Console>" changed cvar (cvar "allow_all_bot_survivor_team") (value "1")
L 12/26/2024 - 12:06:40: [basecommands.smx] "Console<0><Console><Console>" changed cvar (cvar "z_leap_interval_post_incap") (value "20")
L 12/26/2024 - 12:06:40: [basecommands.smx] "Console<0><Console><Console>" changed cvar (cvar "director_always_allow_wanderers") (value "1")
L 12/26/2024 - 12:06:40: [basecommands.smx] "Console<0><Console><Console>" changed cvar (cvar "sv_minrate") (value "100000")
L 12/26/2024 - 12:06:40: [basecommands.smx] "Console<0><Console><Console>" changed cvar (cvar "sv_maxrate") (value "100000")
L 12/26/2024 - 12:06:40: [basecommands.smx] "Console<0><Console><Console>" changed cvar (cvar "sv_minupdaterate") (value "80")
L 12/26/2024 - 12:06:40: [basecommands.smx] "Console<0><Console><Console>" changed cvar (cvar "sv_maxupdaterate") (value "10")
L 12/26/2024 - 12:06:40: [basecommands.smx] "Console<0><Console><Console>" changed cvar (cvar "sv_mincmdrate") (value "100")
L 12/26/2024 - 12:06:40: [basecommands.smx] "Console<0><Console><Console>" changed cvar (cvar "sv_maxcmdrate") (value "100")
L 12/26/2024 - 12:06:40: [basecommands.smx] "Console<0><Console><Console>" changed cvar (cvar "sv_maxunlag") (value "0.15")
L 12/26/2024 - 12:06:40: [basecommands.smx] "Console<0><Console><Console>" changed cvar (cvar "sv_clockcorrection_msecs") (value "0")
L 12/26/2024 - 12:06:40: [basecommands.smx] "Console<0><Console><Console>" changed cvar (cvar "net_splitrate") (value "2")
L 12/26/2024 - 12:06:40: [basecommands.smx] "Console<0><Console><Console>" changed cvar (cvar "net_maxcleartime") (value "0.001")
L 12/26/2024 - 12:06:40: [basecommands.smx] "Console<0><Console><Console>" changed cvar (cvar "sv_client_min_interp_ratio") (value "1")
L 12/26/2024 - 12:06:40: [basecommands.smx] "Console<0><Console><Console>" changed cvar (cvar "sv_client_max_interp_ratio") (value "5")
L 12/26/2024 - 12:06:40: [basecommands.smx] "Console<0><Console><Console>" changed cvar (cvar "nb_update_frequency") (value "0.1")
L 12/26/2024 - 12:06:40: [basecommands.smx] "Console<0><Console><Console>" changed cvar (cvar "fps_max") (value "200")
L 12/26/2024 - 12:16:56: [rum_dynamicslots.smx] Count: 0 Max Allowed (With Spectators): 10
L 12/26/2024 - 12:16:56: [readyup_ns.smx] Ready Up has started...
L 12/26/2024 - 12:16:57: [rum_rpg_ns.smx] ꧁☆☬κɪɴɢ☬☆꧂ has connected!
L 12/26/2024 - 12:16:58: [rum_rpg_ns.smx] No data for ꧁☆☬κɪɴɢ☬☆꧂ could be found; creating new data.
L 12/26/2024 - 12:16:58: [rum_rpg_ns.smx] Loading profile for new player ꧁☆☬κɪɴɢ☬☆꧂
L 12/26/2024 - 12:17:01: [rum_rpg_ns.smx] Hooking Level 0 ꧁☆☬κɪɴɢ☬☆
L 12/26/2024 - 12:17:01: [rum_rpg_ns.smx] Hooking Louis
L 12/26/2024 - 12:17:01: [rum_rpg_ns.smx] Hooking Zoey
L 12/26/2024 - 12:17:01: [rum_rpg_ns.smx] Hooking Francis
L 12/26/2024 - 12:18:23: [readyup_ns.smx] Level 0 ꧁☆☬κɪɴɢ☬☆ has left the server.
L 12/26/2024 - 12:18:23: [rum_votemap.smx] No human players are in the server, forcing a new campaign.
L 12/26/2024 - 12:18:23: [rum_rpg_ns.smx] Hooking Bill
L 12/26/2024 - 12:18:28: -------- Mapchange to c8m1_apartment --------
L 12/26/2024 - 12:18:30: [rum_rpg_ns.smx] Game mode is coop , required game mode is coop
L 12/26/2024 - 12:18:30: [basecommands.smx] "Console<0><Console><Console>" changed cvar (cvar "sk_autoaim_mode") (value "0")
L 12/26/2024 - 12:18:30: [basecommands.smx] "Console<0><Console><Console>" changed cvar (cvar "mp_teamoverride") (value "1")
L 12/26/2024 - 12:18:30: [basecommands.smx] "Console<0><Console><Console>" changed cvar (cvar "tongue_allow_voluntary_release") (value "1")
L 12/26/2024 - 12:18:30: [basecommands.smx] "Console<0><Console><Console>" changed cvar (cvar "z_ghost_spawn_distance") (value "1.0")
L 12/26/2024 - 12:18:30: [basecommands.smx] "Console<0><Console><Console>" changed cvar (cvar "z_director_special_spawn_delay") (value "1")
L 12/26/2024 - 12:18:30: [basecommands.smx] "Console<0><Console><Console>" changed cvar (cvar "mp_autoteambalance") (value "0")
L 12/26/2024 - 12:18:30: [basecommands.smx] "Console<0><Console><Console>" changed cvar (cvar "z_frustration") (value "0")
L 12/26/2024 - 12:18:30: [basecommands.smx] "Console<0><Console><Console>" changed cvar (cvar "director_afk_timeout") (value "9999")
L 12/26/2024 - 12:18:30: [basecommands.smx] "Console<0><Console><Console>" changed cvar (cvar "rescue_min_dead_time") (value "1")
L 12/26/2024 - 12:18:30: [basecommands.smx] "Console<0><Console><Console>" changed cvar (cvar "sb_all_bot_game") (value "1")
L 12/26/2024 - 12:18:30: [basecommands.smx] "Console<0><Console><Console>" changed cvar (cvar "allow_all_bot_survivor_team") (value "1")
L 12/26/2024 - 12:18:30: [basecommands.smx] "Console<0><Console><Console>" changed cvar (cvar "z_leap_interval_post_incap") (value "20")
L 12/26/2024 - 12:18:30: [basecommands.smx] "Console<0><Console><Console>" changed cvar (cvar "director_always_allow_wanderers") (value "1")
L 12/26/2024 - 12:18:30: [basecommands.smx] "Console<0><Console><Console>" changed cvar (cvar "sv_minrate") (value "100000")
L 12/26/2024 - 12:18:30: [basecommands.smx] "Console<0><Console><Console>" changed cvar (cvar "sv_maxrate") (value "100000")
L 12/26/2024 - 12:18:30: [basecommands.smx] "Console<0><Console><Console>" changed cvar (cvar "sv_minupdaterate") (value "80")
L 12/26/2024 - 12:18:30: [basecommands.smx] "Console<0><Console><Console>" changed cvar (cvar "sv_maxupdaterate") (value "10")
L 12/26/2024 - 12:18:30: [basecommands.smx] "Console<0><Console><Console>" changed cvar (cvar "sv_mincmdrate") (value "100")
L 12/26/2024 - 12:18:30: [basecommands.smx] "Console<0><Console><Console>" changed cvar (cvar "sv_maxcmdrate") (value "100")
L 12/26/2024 - 12:18:30: [basecommands.smx] "Console<0><Console><Console>" changed cvar (cvar "sv_maxunlag") (value "0.15")
L 12/26/2024 - 12:18:30: [basecommands.smx] "Console<0><Console><Console>" changed cvar (cvar "sv_clockcorrection_msecs") (value "0")
L 12/26/2024 - 12:18:30: [basecommands.smx] "Console<0><Console><Console>" changed cvar (cvar "net_splitrate") (value "2")
L 12/26/2024 - 12:18:30: [basecommands.smx] "Console<0><Console><Console>" changed cvar (cvar "net_maxcleartime") (value "0.001")
L 12/26/2024 - 12:18:30: [basecommands.smx] "Console<0><Console><Console>" changed cvar (cvar "sv_client_min_interp_ratio") (value "1")
L 12/26/2024 - 12:18:30: [basecommands.smx] "Console<0><Console><Console>" changed cvar (cvar "sv_client_max_interp_ratio") (value "5")
L 12/26/2024 - 12:18:30: [basecommands.smx] "Console<0><Console><Console>" changed cvar (cvar "nb_update_frequency") (value "0.1")
L 12/26/2024 - 12:18:30: [basecommands.smx] "Console<0><Console><Console>" changed cvar (cvar "fps_max") (value "200")
L 12/26/2024 - 12:18:30: [readyup_ns.smx] new saferoom door created.
L 12/26/2024 - 12:18:30: [readyup_ns.smx] Custom structure built.
L 12/26/2024 - 12:18:30: [readyup_ns.smx] Custom structure built.
L 12/26/2024 - 12:18:30: [readyup_ns.smx] Custom structure built.
L 12/26/2024 - 12:18:30: [readyup_ns.smx] Custom structure built.
L 12/26/2024 - 12:18:30: [readyup_ns.smx] Custom structure built.
L 12/26/2024 - 12:18:30: [readyup_ns.smx] Custom structure built.
L 12/26/2024 - 12:18:30: [readyup_ns.smx] Custom structure built.
L 12/26/2024 - 12:18:30: [readyup_ns.smx] Custom structure built.
L 12/26/2024 - 12:18:30: [readyup_ns.smx] Custom structure built.
L 12/26/2024 - 12:18:30: [readyup_ns.smx] Custom structure built.
L 12/26/2024 - 12:18:30: [readyup_ns.smx] Custom structure built.
L 12/26/2024 - 12:18:30: [readyup_ns.smx] Custom structure built.
L 12/26/2024 - 12:18:30: [readyup_ns.smx] Custom structure built.
L 12/26/2024 - 12:18:30: [readyup_ns.smx] Custom structure built.
L 12/26/2024 - 12:18:30: [readyup_ns.smx] Custom structure built.
L 12/26/2024 - 12:18:30: [readyup_ns.smx] Custom structure built.
L 12/26/2024 - 12:18:30: [readyup_ns.smx] Custom structure built.
L 12/26/2024 - 12:18:30: [readyup_ns.smx] Custom structure built.
L 12/26/2024 - 12:18:30: [readyup_ns.smx] Custom structure built.
L 12/26/2024 - 12:18:30: [readyup_ns.smx] Custom structure built.
L 12/26/2024 - 12:18:30: [readyup_ns.smx] Custom structure built.
